  main.cpp
C:\Users\brian\programming_projects\fluidSim\LocalIncludes\Settings.h(35,41): warning C4244: 'initializing': conversion from 'double' to 'int', possible loss of data
  (compiling source file 'main.cpp')
  
C:\Users\brian\programming_projects\fluidSim\LocalIncludes\Settings.h(37,49): warning C4244: 'initializing': conversion from 'double' to 'int', possible loss of data
  (compiling source file 'main.cpp')
  
C:\Users\brian\programming_projects\fluidSim\LocalIncludes\Settings.h(38,49): warning C4244: 'initializing': conversion from 'double' to 'int', possible loss of data
  (compiling source file 'main.cpp')
  
C:\Users\brian\programming_projects\fluidSim\LocalIncludes\Hashtable.h(18,8): warning C4244: 'initializing': conversion from 'T' to 'int', possible loss of data
C:\Users\brian\programming_projects\fluidSim\LocalIncludes\Hashtable.h(18,8): warning C4244:         with
C:\Users\brian\programming_projects\fluidSim\LocalIncludes\Hashtable.h(18,8): warning C4244:         [
C:\Users\brian\programming_projects\fluidSim\LocalIncludes\Hashtable.h(18,8): warning C4244:             T=float
C:\Users\brian\programming_projects\fluidSim\LocalIncludes\Hashtable.h(18,8): warning C4244:         ]
  (compiling source file 'main.cpp')
  
C:\Users\brian\programming_projects\fluidSim\LocalIncludes\Hashtable.h(19,8): warning C4244: 'initializing': conversion from 'T' to 'int', possible loss of data
C:\Users\brian\programming_projects\fluidSim\LocalIncludes\Hashtable.h(19,8): warning C4244:         with
C:\Users\brian\programming_projects\fluidSim\LocalIncludes\Hashtable.h(19,8): warning C4244:         [
C:\Users\brian\programming_projects\fluidSim\LocalIncludes\Hashtable.h(19,8): warning C4244:             T=float
C:\Users\brian\programming_projects\fluidSim\LocalIncludes\Hashtable.h(19,8): warning C4244:         ]
  (compiling source file 'main.cpp')
  
C:\Users\brian\programming_projects\fluidSim\LocalIncludes\Hashtable.h(28,8): warning C4244: 'initializing': conversion from 'double' to 'int', possible loss of data
  (compiling source file 'main.cpp')
  
C:\Users\brian\programming_projects\fluidSim\LocalIncludes\Hashtable.h(29,8): warning C4244: 'initializing': conversion from 'double' to 'int', possible loss of data
  (compiling source file 'main.cpp')
  
C:\Users\brian\programming_projects\fluidSim\LocalIncludes\Hashtable.h(69,30): warning C4267: '=': conversion from 'size_t' to 'int', possible loss of data
  (compiling source file 'main.cpp')
  
C:\Users\brian\programming_projects\fluidSim\LocalIncludes\Hashtable.h(96,12): warning C4267: 'initializing': conversion from 'size_t' to 'int', possible loss of data
  (compiling source file 'main.cpp')
  
C:\Users\brian\programming_projects\fluidSim\LocalIncludes\shader.h(87,17): warning C4129: 'N': unrecognized character escape sequence
  (compiling source file 'main.cpp')
  
C:\Users\brian\programming_projects\fluidSim\main.cpp(279,40): warning C4244: '=': conversion from 'double' to 'T', possible loss of data
C:\Users\brian\programming_projects\fluidSim\main.cpp(279,40): warning C4244:         with
C:\Users\brian\programming_projects\fluidSim\main.cpp(279,40): warning C4244:         [
C:\Users\brian\programming_projects\fluidSim\main.cpp(279,40): warning C4244:             T=float
C:\Users\brian\programming_projects\fluidSim\main.cpp(279,40): warning C4244:         ]
C:\Users\brian\programming_projects\fluidSim\main.cpp(280,40): warning C4244: '=': conversion from 'double' to 'T', possible loss of data
C:\Users\brian\programming_projects\fluidSim\main.cpp(280,40): warning C4244:         with
C:\Users\brian\programming_projects\fluidSim\main.cpp(280,40): warning C4244:         [
C:\Users\brian\programming_projects\fluidSim\main.cpp(280,40): warning C4244:             T=float
C:\Users\brian\programming_projects\fluidSim\main.cpp(280,40): warning C4244:         ]
C:\Users\brian\programming_projects\fluidSim\main.cpp(284,66): warning C4267: 'argument': conversion from 'size_t' to 'int', possible loss of data
C:\Users\brian\programming_projects\fluidSim\main.cpp(285,65): warning C4267: 'argument': conversion from 'size_t' to 'int', possible loss of data
C:\Users\brian\programming_projects\fluidSim\main.cpp(360,29): warning C4244: '=': conversion from 'double' to 'T', possible loss of data
C:\Users\brian\programming_projects\fluidSim\main.cpp(360,29): warning C4244:         with
C:\Users\brian\programming_projects\fluidSim\main.cpp(360,29): warning C4244:         [
C:\Users\brian\programming_projects\fluidSim\main.cpp(360,29): warning C4244:             T=float
C:\Users\brian\programming_projects\fluidSim\main.cpp(360,29): warning C4244:         ]
C:\Users\brian\programming_projects\fluidSim\main.cpp(361,29): warning C4244: '=': conversion from 'double' to 'T', possible loss of data
C:\Users\brian\programming_projects\fluidSim\main.cpp(361,29): warning C4244:         with
C:\Users\brian\programming_projects\fluidSim\main.cpp(361,29): warning C4244:         [
C:\Users\brian\programming_projects\fluidSim\main.cpp(361,29): warning C4244:             T=float
C:\Users\brian\programming_projects\fluidSim\main.cpp(361,29): warning C4244:         ]
C:\Users\brian\programming_projects\fluidSim\main.cpp(474,14): warning C4244: 'initializing': conversion from 'double' to 'int', possible loss of data
C:\Users\brian\programming_projects\fluidSim\main.cpp(519,18): warning C4838: conversion from 'double' to 'float' requires a narrowing conversion
C:\Users\brian\programming_projects\fluidSim\main.cpp(519,18): warning C4244: 'initializing': conversion from 'double' to 'float', possible loss of data
C:\Users\brian\programming_projects\fluidSim\main.cpp(519,32): warning C4838: conversion from 'double' to 'float' requires a narrowing conversion
C:\Users\brian\programming_projects\fluidSim\main.cpp(519,32): warning C4244: 'initializing': conversion from 'double' to 'float', possible loss of data
C:\Users\brian\programming_projects\fluidSim\main.cpp(520,20): warning C4838: conversion from 'double' to 'float' requires a narrowing conversion
C:\Users\brian\programming_projects\fluidSim\main.cpp(520,20): warning C4244: 'initializing': conversion from 'double' to 'float', possible loss of data
C:\Users\brian\programming_projects\fluidSim\main.cpp(520,40): warning C4838: conversion from 'double' to 'float' requires a narrowing conversion
C:\Users\brian\programming_projects\fluidSim\main.cpp(520,40): warning C4244: 'initializing': conversion from 'double' to 'float', possible loss of data
C:\Users\brian\programming_projects\fluidSim\main.cpp(522,20): warning C4838: conversion from 'double' to 'float' requires a narrowing conversion
C:\Users\brian\programming_projects\fluidSim\main.cpp(522,20): warning C4244: 'initializing': conversion from 'double' to 'float', possible loss of data
C:\Users\brian\programming_projects\fluidSim\main.cpp(522,38): warning C4838: conversion from 'double' to 'float' requires a narrowing conversion
C:\Users\brian\programming_projects\fluidSim\main.cpp(522,38): warning C4244: 'initializing': conversion from 'double' to 'float', possible loss of data
C:\Users\brian\programming_projects\fluidSim\main.cpp(523,18): warning C4838: conversion from 'double' to 'float' requires a narrowing conversion
C:\Users\brian\programming_projects\fluidSim\main.cpp(523,18): warning C4244: 'initializing': conversion from 'double' to 'float', possible loss of data
C:\Users\brian\programming_projects\fluidSim\main.cpp(523,30): warning C4838: conversion from 'double' to 'float' requires a narrowing conversion
C:\Users\brian\programming_projects\fluidSim\main.cpp(523,30): warning C4244: 'initializing': conversion from 'double' to 'float', possible loss of data
  LINK : C:\Users\brian\programming_projects\fluidSim\x64\Debug\fluidSim.exe not found or not built by the last incremental link; performing full link
Kernels.obj : warning LNK4099: PDB '' was not found with 'Kernels.obj' or at ''; linking object as if no debug info
fluidSim\x64\Debug\glad.obj : warning LNK4042: object specified more than once; extras ignored
fluidSim\x64\Debug\main.obj : warning LNK4042: object specified more than once; extras ignored
fluidSim\x64\Debug\stb_image.obj : warning LNK4042: object specified more than once; extras ignored
LINK : warning LNK4098: defaultlib 'MSVCRT' conflicts with use of other libs; use /NODEFAULTLIB:library
  fluidSim.vcxproj -> C:\Users\brian\programming_projects\fluidSim\x64\Debug\fluidSim.exe
